# JRE version: OpenJDK Runtime Environment Temurin-21.0.11+10 (21.0.11+10) (build 21.0.11+10-LTS)
# Java VM: OpenJDK 64-Bit Server VM Temurin-21.0.11+10 (21.0.11+10-LTS, mixed mode, sharing, tiered, compressed oops, compressed class ptrs, parallel gc, windows-amd64)
GC Precious Log:
 CardTable entry size: 512
 CPUs: 8 total, 8 available
 Memory: 7975M
 Large Page Support: Disabled
 NUMA Support: Disabled
 Compressed Oops: Enabled (32-bit)
 Alignments: Space 512K, Generation 512K, Heap 2M
 Heap Min Capacity: 100M
 Heap Initial Capacity: 100M
 Heap Max Capacity: 2G
 Pre-touch: Disabled
 Parallel Workers: 8
Heap:
 PSYoungGen      total 5632K, used 3392K [0x00000000d5580000, 0x00000000d5d80000, 0x0000000100000000)
  eden space 5120K, 56% used [0x00000000d5580000,0x00000000d5852f50,0x00000000d5a80000)
  from space 512K, 97% used [0x00000000d5a80000,0x00000000d5afd200,0x00000000d5b00000)
  to   space 1536K, 0% used [0x00000000d5c00000,0x00000000d5c00000,0x00000000d5d80000)
 ParOldGen       total 837120K, used 836966K [0x0000000080000000, 0x00000000b3180000, 0x00000000d5580000)
  object space 837120K, 99% used [0x0000000080000000,0x00000000b3159aa0,0x00000000b3180000)
 Metaspace       used 80423K, committed 82240K, reserved 1179648K
  class space    used 8340K, committed 9152K, reserved 1048576K
GC Heap History (20 events):
Event: 1879.917 GC heap before
{Heap before GC invocations=241 (full 3):
 PSYoungGen      total 5632K, used 4949K [0x00000000d5580000, 0x00000000d5d00000, 0x0000000100000000)
  eden space 5120K, 87% used [0x00000000d5580000,0x00000000d59dd410,0x00000000d5a80000)
  from space 512K, 93% used [0x00000000d5b80000,0x00000000d5bf8000,0x00000000d5c00000)
  to   space 1024K, 0% used [0x00000000d5c00000,0x00000000d5c00000,0x00000000d5d00000)
 ParOldGen       total 834048K, used 833812K [0x0000000080000000, 0x00000000b2e80000, 0x00000000d5580000)
  object space 834048K, 99% used [0x0000000080000000,0x00000000b2e45078,0x00000000b2e80000)
 Metaspace       used 78287K, committed 80000K, reserved 1179648K
  class space    used 8068K, committed 8832K, reserved 1048576K
}
Event: 1879.918 GC heap after
{Heap after GC invocations=241 (full 3):
 PSYoungGen      total 5632K, used 288K [0x00000000d5580000, 0x00000000d5c80000, 0x0000000100000000)
  eden space 5120K, 0% used [0x00000000d5580000,0x00000000d5580000,0x00000000d5a80000)
  from space 512K, 56% used [0x00000000d5c00000,0x00000000d5c48020,0x00000000d5c80000)
  to   space 512K, 0% used [0x00000000d5b80000,0x00000000d5b80000,0x00000000d5c00000)
 ParOldGen       total 834560K, used 834104K [0x0000000080000000, 0x00000000b2f00000, 0x00000000d5580000)
  object space 834560K, 99% used [0x0000000080000000,0x00000000b2e8e2a8,0x00000000b2f00000)
 Metaspace       used 78287K, committed 80000K, reserved 1179648K
  class space    used 8068K, committed 8832K, reserved 1048576K
}
Event: 1879.965 GC heap before
{Heap before GC invocations=242 (full 3):
 PSYoungGen      total 5632K, used 5408K [0x00000000d5580000, 0x00000000d5c80000, 0x0000000100000000)
  eden space 5120K, 100% used [0x00000000d5580000,0x00000000d5a80000,0x00000000d5a80000)
  from space 512K, 56% used [0x00000000d5c00000,0x00000000d5c48020,0x00000000d5c80000)
  to   space 512K, 0% used [0x00000000d5b80000,0x00000000d5b80000,0x00000000d5c00000)
 ParOldGen       total 834560K, used 834104K [0x0000000080000000, 0x00000000b2f00000, 0x00000000d5580000)
  object space 834560K, 99% used [0x0000000080000000,0x00000000b2e8e2a8,0x00000000b2f00000)
 Metaspace       used 78491K, committed 80256K, reserved 1179648K
  class space    used 8080K, committed 8896K, reserved 1048576K
}
Event: 1879.967 GC heap after
{Heap after GC invocations=242 (full 3):
 PSYoungGen      total 5632K, used 308K [0x00000000d5580000, 0x00000000d5c80000, 0x0000000100000000)
  eden space 5120K, 0% used [0x00000000d5580000,0x00000000d5580000,0x00000000d5a80000)
  from space 512K, 60% used [0x00000000d5b80000,0x00000000d5bcd200,0x00000000d5c00000)
  to   space 512K, 0% used [0x00000000d5c00000,0x00000000d5c00000,0x00000000d5c80000)
 ParOldGen       total 834560K, used 834256K [0x0000000080000000, 0x00000000b2f00000, 0x00000000d5580000)
  object space 834560K, 99% used [0x0000000080000000,0x00000000b2eb42c8,0x00000000b2f00000)
 Metaspace       used 78491K, committed 80256K, reserved 1179648K
  class space    used 8080K, committed 8896K, reserved 1048576K
}
Event: 1879.985 GC heap before
{Heap before GC invocations=243 (full 3):
 PSYoungGen      total 5632K, used 4490K [0x00000000d5580000, 0x00000000d5c80000, 0x0000000100000000)
  eden space 5120K, 81% used [0x00000000d5580000,0x00000000d5995600,0x00000000d5a80000)
  from space 512K, 60% used [0x00000000d5b80000,0x00000000d5bcd200,0x00000000d5c00000)
  to   space 512K, 0% used [0x00000000d5c00000,0x00000000d5c00000,0x00000000d5c80000)
 ParOldGen       total 834560K, used 834256K [0x0000000080000000, 0x00000000b2f00000, 0x00000000d5580000)
  object space 834560K, 99% used [0x0000000080000000,0x00000000b2eb42c8,0x00000000b2f00000)
 Metaspace       used 78499K, committed 80256K, reserved 1179648K
  class space    used 8080K, committed 8896K, reserved 1048576K
}
Event: 1879.986 GC heap after
{Heap after GC invocations=243 (full 3):
 PSYoungGen      total 5632K, used 192K [0x00000000d5580000, 0x00000000d5c80000, 0x0000000100000000)
  eden space 5120K, 0% used [0x00000000d5580000,0x00000000d5580000,0x00000000d5a80000)
  from space 512K, 37% used [0x00000000d5c00000,0x00000000d5c30000,0x00000000d5c80000)
  to   space 512K, 0% used [0x00000000d5b80000,0x00000000d5b80000,0x00000000d5c00000)
 ParOldGen       total 834560K, used 834360K [0x0000000080000000, 0x00000000b2f00000, 0x00000000d5580000)
  object space 834560K, 99% used [0x0000000080000000,0x00000000b2ece2d8,0x00000000b2f00000)
 Metaspace       used 78499K, committed 80256K, reserved 1179648K
  class space    used 8080K, committed 8896K, reserved 1048576K
}
Event: 1880.036 GC heap before
{Heap before GC invocations=244 (full 3):
 PSYoungGen      total 5632K, used 5312K [0x00000000d5580000, 0x00000000d5c80000, 0x0000000100000000)
  eden space 5120K, 100% used [0x00000000d5580000,0x00000000d5a80000,0x00000000d5a80000)
  from space 512K, 37% used [0x00000000d5c00000,0x00000000d5c30000,0x00000000d5c80000)
  to   space 512K, 0% used [0x00000000d5b80000,0x00000000d5b80000,0x00000000d5c00000)
 ParOldGen       total 834560K, used 834360K [0x0000000080000000, 0x00000000b2f00000, 0x00000000d5580000)
  object space 834560K, 99% used [0x0000000080000000,0x00000000b2ece2d8,0x00000000b2f00000)
 Metaspace       used 78793K, committed 80512K, reserved 1179648K
  class space    used 8113K, committed 8896K, reserved 1048576K
}
Event: 1880.037 GC heap after
{Heap after GC invocations=244 (full 3):
 PSYoungGen      total 5632K, used 224K [0x00000000d5580000, 0x00000000d5c80000, 0x0000000100000000)
  eden space 5120K, 0% used [0x00000000d5580000,0x00000000d5580000,0x00000000d5a80000)
  from space 512K, 43% used [0x00000000d5b80000,0x00000000d5bb8000,0x00000000d5c00000)
  to   space 512K, 0% used [0x00000000d5c00000,0x00000000d5c00000,0x00000000d5c80000)
 ParOldGen       total 834560K, used 834424K [0x0000000080000000, 0x00000000b2f00000, 0x00000000d5580000)
  object space 834560K, 99% used [0x0000000080000000,0x00000000b2ede2d8,0x00000000b2f00000)
 Metaspace       used 78793K, committed 80512K, reserved 1179648K
  class space    used 8113K, committed 8896K, reserved 1048576K
}
Event: 1880.089 GC heap before
{Heap before GC invocations=245 (full 3):
 PSYoungGen      total 5632K, used 5336K [0x00000000d5580000, 0x00000000d5c80000, 0x0000000100000000)
  eden space 5120K, 99% used [0x00000000d5580000,0x00000000d5a7e0c8,0x00000000d5a80000)
  from space 512K, 43% used [0x00000000d5b80000,0x00000000d5bb8000,0x00000000d5c00000)
  to   space 512K, 0% used [0x00000000d5c00000,0x00000000d5c00000,0x00000000d5c80000)
 ParOldGen       total 834560K, used 834424K [0x0000000080000000, 0x00000000b2f00000, 0x00000000d5580000)
  object space 834560K, 99% used [0x0000000080000000,0x00000000b2ede2d8,0x00000000b2f00000)
 Metaspace       used 79465K, committed 81216K, reserved 1179648K
  class space    used 8217K, committed 9024K, reserved 1048576K
}
Event: 1880.099 GC heap after
{Heap after GC invocations=245 (full 3):
 PSYoungGen      total 5632K, used 447K [0x00000000d5580000, 0x00000000d5c80000, 0x0000000100000000)
  eden space 5120K, 0% used [0x00000000d5580000,0x00000000d5580000,0x00000000d5a80000)
  from space 512K, 87% used [0x00000000d5c00000,0x00000000d5c6ff20,0x00000000d5c80000)
  to   space 512K, 0% used [0x00000000d5b80000,0x00000000d5b80000,0x00000000d5c00000)
 ParOldGen       total 834560K, used 834523K [0x0000000080000000, 0x00000000b2f00000, 0x00000000d5580000)
  object space 834560K, 99% used [0x0000000080000000,0x00000000b2ef6ff8,0x00000000b2f00000)
 Metaspace       used 79465K, committed 81216K, reserved 1179648K
  class space    used 8217K, committed 9024K, reserved 1048576K
}
Event: 1880.158 GC heap before
{Heap before GC invocations=246 (full 3):
 PSYoungGen      total 5632K, used 5567K [0x00000000d5580000, 0x00000000d5c80000, 0x0000000100000000)
  eden space 5120K, 100% used [0x00000000d5580000,0x00000000d5a80000,0x00000000d5a80000)
  from space 512K, 87% used [0x00000000d5c00000,0x00000000d5c6ff20,0x00000000d5c80000)
  to   space 512K, 0% used [0x00000000d5b80000,0x00000000d5b80000,0x00000000d5c00000)
 ParOldGen       total 834560K, used 834523K [0x0000000080000000, 0x00000000b2f00000, 0x00000000d5580000)
  object space 834560K, 99% used [0x0000000080000000,0x00000000b2ef6ff8,0x00000000b2f00000)
 Metaspace       used 80335K, committed 82176K, reserved 1179648K
  class space    used 8332K, committed 9152K, reserved 1048576K
}
Event: 1880.160 GC heap after
{Heap after GC invocations=246 (full 3):
 PSYoungGen      total 5632K, used 388K [0x00000000d5580000, 0x00000000d5c80000, 0x0000000100000000)
  eden space 5120K, 0% used [0x00000000d5580000,0x00000000d5580000,0x00000000d5a80000)
  from space 512K, 75% used [0x00000000d5b80000,0x00000000d5be1210,0x00000000d5c00000)
  to   space 512K, 0% used [0x00000000d5c00000,0x00000000d5c00000,0x00000000d5c80000)
 ParOldGen       total 835072K, used 834828K [0x0000000080000000, 0x00000000b2f80000, 0x00000000d5580000)
  object space 835072K, 99% used [0x0000000080000000,0x00000000b2f43160,0x00000000b2f80000)
 Metaspace       used 80335K, committed 82176K, reserved 1179648K
  class space    used 8332K, committed 9152K, reserved 1048576K
}
Event: 1880.223 GC heap before
{Heap before GC invocations=247 (full 3):
 PSYoungGen      total 5632K, used 5508K [0x00000000d5580000, 0x00000000d5c80000, 0x0000000100000000)
  eden space 5120K, 100% used [0x00000000d5580000,0x00000000d5a80000,0x00000000d5a80000)
  from space 512K, 75% used [0x00000000d5b80000,0x00000000d5be1210,0x00000000d5c00000)
  to   space 512K, 0% used [0x00000000d5c00000,0x00000000d5c00000,0x00000000d5c80000)
 ParOldGen       total 835072K, used 834828K [0x0000000080000000, 0x00000000b2f80000, 0x00000000d5580000)
  object space 835072K, 99% used [0x0000000080000000,0x00000000b2f43160,0x00000000b2f80000)
 Metaspace       used 80337K, committed 82176K, reserved 1179648K
  class space    used 8332K, committed 9152K, reserved 1048576K
}
Event: 1880.232 GC heap after
{Heap after GC invocations=247 (full 3):
 PSYoungGen      total 5632K, used 512K [0x00000000d5580000, 0x00000000d5d80000, 0x0000000100000000)
  eden space 5120K, 0% used [0x00000000d5580000,0x00000000d5580000,0x00000000d5a80000)
  from space 512K, 100% used [0x00000000d5c00000,0x00000000d5c80000,0x00000000d5c80000)
  to   space 1536K, 0% used [0x00000000d5a80000,0x00000000d5a80000,0x00000000d5c00000)
 ParOldGen       total 836096K, used 835588K [0x0000000080000000, 0x00000000b3080000, 0x00000000d5580000)
  object space 836096K, 99% used [0x0000000080000000,0x00000000b30013f0,0x00000000b3080000)
 Metaspace       used 80337K, committed 82176K, reserved 1179648K
  class space    used 8332K, committed 9152K, reserved 1048576K
}
Event: 1880.342 GC heap before
{Heap before GC invocations=248 (full 3):
 PSYoungGen      total 5632K, used 5632K [0x00000000d5580000, 0x00000000d5d80000, 0x0000000100000000)
  eden space 5120K, 100% used [0x00000000d5580000,0x00000000d5a80000,0x00000000d5a80000)
  from space 512K, 100% used [0x00000000d5c00000,0x00000000d5c80000,0x00000000d5c80000)
  to   space 1536K, 0% used [0x00000000d5a80000,0x00000000d5a80000,0x00000000d5c00000)
 ParOldGen       total 836096K, used 835588K [0x0000000080000000, 0x00000000b3080000, 0x00000000d5580000)
  object space 836096K, 99% used [0x0000000080000000,0x00000000b30013f0,0x00000000b3080000)
 Metaspace       used 80416K, committed 82240K, reserved 1179648K
  class space    used 8340K, committed 9152K, reserved 1048576K
}
Event: 1880.344 GC heap after
{Heap after GC invocations=248 (full 3):
 PSYoungGen      total 5632K, used 352K [0x00000000d5580000, 0x00000000d5c80000, 0x0000000100000000)
  eden space 5120K, 0% used [0x00000000d5580000,0x00000000d5580000,0x00000000d5a80000)
  from space 512K, 68% used [0x00000000d5a80000,0x00000000d5ad8000,0x00000000d5b00000)
  to   space 1024K, 0% used [0x00000000d5b80000,0x00000000d5b80000,0x00000000d5c80000)
 ParOldGen       total 836608K, used 836132K [0x0000000080000000, 0x00000000b3100000, 0x00000000d5580000)
  object space 836608K, 99% used [0x0000000080000000,0x00000000b3089390,0x00000000b3100000)
 Metaspace       used 80416K, committed 82240K, reserved 1179648K
  class space    used 8340K, committed 9152K, reserved 1048576K
}
Event: 1880.440 GC heap before
{Heap before GC invocations=249 (full 3):
 PSYoungGen      total 5632K, used 5472K [0x00000000d5580000, 0x00000000d5c80000, 0x0000000100000000)
  eden space 5120K, 100% used [0x00000000d5580000,0x00000000d5a80000,0x00000000d5a80000)
  from space 512K, 68% used [0x00000000d5a80000,0x00000000d5ad8000,0x00000000d5b00000)
  to   space 1024K, 0% used [0x00000000d5b80000,0x00000000d5b80000,0x00000000d5c80000)
 ParOldGen       total 836608K, used 836132K [0x0000000080000000, 0x00000000b3100000, 0x00000000d5580000)
  object space 836608K, 99% used [0x0000000080000000,0x00000000b3089390,0x00000000b3100000)
 Metaspace       used 80417K, committed 82240K, reserved 1179648K
  class space    used 8340K, committed 9152K, reserved 1048576K
}
Event: 1880.441 GC heap after
{Heap after GC invocations=249 (full 3):
 PSYoungGen      total 5632K, used 436K [0x00000000d5580000, 0x00000000d5c00000, 0x0000000100000000)
  eden space 5120K, 0% used [0x00000000d5580000,0x00000000d5580000,0x00000000d5a80000)
  from space 512K, 85% used [0x00000000d5b80000,0x00000000d5bed200,0x00000000d5c00000)
  to   space 512K, 0% used [0x00000000d5a80000,0x00000000d5a80000,0x00000000d5b00000)
 ParOldGen       total 836608K, used 836308K [0x0000000080000000, 0x00000000b3100000, 0x00000000d5580000)
  object space 836608K, 99% used [0x0000000080000000,0x00000000b30b5390,0x00000000b3100000)
 Metaspace       used 80417K, committed 82240K, reserved 1179648K
  class space    used 8340K, committed 9152K, reserved 1048576K
}
Event: 1880.466 GC heap before
{Heap before GC invocations=250 (full 3):
 PSYoungGen      total 5632K, used 5556K [0x00000000d5580000, 0x00000000d5c00000, 0x0000000100000000)
  eden space 5120K, 100% used [0x00000000d5580000,0x00000000d5a80000,0x00000000d5a80000)
  from space 512K, 85% used [0x00000000d5b80000,0x00000000d5bed200,0x00000000d5c00000)
  to   space 512K, 0% used [0x00000000d5a80000,0x00000000d5a80000,0x00000000d5b00000)
 ParOldGen       total 836608K, used 836308K [0x0000000080000000, 0x00000000b3100000, 0x00000000d5580000)
  object space 836608K, 99% used [0x0000000080000000,0x00000000b30b5390,0x00000000b3100000)
 Metaspace       used 80420K, committed 82240K, reserved 1179648K
  class space    used 8340K, committed 9152K, reserved 1048576K
}
Event: 1880.468 GC heap after
{Heap after GC invocations=250 (full 3):
 PSYoungGen      total 5632K, used 500K [0x00000000d5580000, 0x00000000d5d80000, 0x0000000100000000)
  eden space 5120K, 0% used [0x00000000d5580000,0x00000000d5580000,0x00000000d5a80000)
  from space 512K, 97% used [0x00000000d5a80000,0x00000000d5afd200,0x00000000d5b00000)
  to   space 1536K, 0% used [0x00000000d5c00000,0x00000000d5c00000,0x00000000d5d80000)
 ParOldGen       total 837120K, used 836966K [0x0000000080000000, 0x00000000b3180000, 0x00000000d5580000)
  object space 837120K, 99% used [0x0000000080000000,0x00000000b3159aa0,0x00000000b3180000)
 Metaspace       used 80420K, committed 82240K, reserved 1179648K
  class space    used 8340K, committed 9152K, reserved 1048576K
}

